Using pre-set license
Built from '2020.3/staging' branch; Version is '2020.3.11f1 (99c7afb366b3) revision 10078127'; Using compiler version '192528614'; Build Type 'Release'
OS: 'Windows 10 Enterprise LTSC 2019; OS build 17763.1757; Version 1809; 64bit' Language: 'es' Physical Memory: 16299 MB
BatchMode: 1, IsHumanControllingUs: 0, StartBugReporterOnCrash: 0, Is64bit: 1, IsPro: 0

 COMMAND LINE ARGUMENTS:
C:\Program Files\Unity\Hub\Editor\2020.3.11f1\Editor\Unity.exe
-adb2
-batchMode
-noUpm
-name
AssetImportWorker0
-projectPath
C:/Users/METTA WORLD/Roll a Ball
-logFile
Logs/AssetImportWorker0.log
-srvPort
1068
Successfully changed project path to: C:/Users/METTA WORLD/Roll a Ball
C:/Users/METTA WORLD/Roll a Ball
Using Asset Import Pipeline V2.
Refreshing native plugins compatible for Editor in 23.84 ms, found 2 plugins.
Preloading 0 native plugins for Editor in 0.00 ms.
Initialize engine version: 2020.3.11f1 (99c7afb366b3)
[Subsystems] Discovering subsystems at path C:/Program Files/Unity/Hub/Editor/2020.3.11f1/Editor/Data/Resources/UnitySubsystems
[Subsystems] Discovering subsystems at path C:/Users/METTA WORLD/Roll a Ball/Assets
GfxDevice: creating device client; threaded=0
Direct3D:
    Version:  Direct3D 11.0 [level 11.1]
    Renderer: Radeon RX 570 Series (ID=0x67df)
    Vendor:   
    VRAM:     8171 MB
    Driver:   27.20.14527.2002
Initialize mono
Mono path[0] = 'C:/Program Files/Unity/Hub/Editor/2020.3.11f1/Editor/Data/Managed'
Mono path[1] = 'C:/Program Files/Unity/Hub/Editor/2020.3.11f1/Editor/Data/MonoBleedingEdge/lib/mono/unityjit'
Mono config path = 'C:/Program Files/Unity/Hub/Editor/2020.3.11f1/Editor/Data/MonoBleedingEdge/etc'
Using monoOptions --debugger-agent=transport=dt_socket,embedding=1,server=y,suspend=n,address=127.0.0.1:56288
Begin MonoManager ReloadAssembly
Registering precompiled unity dll's ...
Register platform support module: C:/Program Files/Unity/Hub/Editor/2020.3.11f1/Editor/Data/PlaybackEngines/WebGLSupport/UnityEditor.WebGL.Extensions.dll
Register platform support module: C:/Program Files/Unity/Hub/Editor/2020.3.11f1/Editor/Data/PlaybackEngines/WindowsStandaloneSupport/UnityEditor.WindowsStandalone.Extensions.dll
Registered in 0.001381 seconds.
Native extension for WindowsStandalone target not found
Native extension for WebGL target not found
Refreshing native plugins compatible for Editor in 24.50 ms, found 2 plugins.
Preloading 0 native plugins for Editor in 0.00 ms.
Mono: successfully reloaded assembly
- Completed reload, in  0.856 seconds
Platform modules already initialized, skipping
Registering precompiled user dll's ...
Registered in 0.003246 seconds.
Begin MonoManager ReloadAssembly
Native extension for WindowsStandalone target not found
Native extension for WebGL target not found
Refreshing native plugins compatible for Editor in 0.29 ms, found 2 plugins.
Preloading 0 native plugins for Editor in 0.00 ms.
Mono: successfully reloaded assembly
- Completed reload, in  0.735 seconds
Platform modules already initialized, skipping
========================================================================
Worker process is ready to serve import requests
Launched and connected shader compiler UnityShaderCompiler.exe after 0.03 seconds
Refreshing native plugins compatible for Editor in 0.31 ms, found 2 plugins.
Preloading 0 native plugins for Editor in 0.00 ms.
Unloading 1388 Unused Serialized files (Serialized files now loaded: 0)
System memory in use before: 64.7 MB.
System memory in use after: 64.8 MB.

Unloading 19 unused Assets to reduce memory usage. Loaded Objects now: 1821.
Total: 1.703900 ms (FindLiveObjects: 0.143800 ms CreateObjectMapping: 0.030400 ms MarkObjects: 1.459500 ms  DeleteObjects: 0.069400 ms)

========================================================================
Received Import Request.
  path: Assets/Materiales/Oro.mat
  artifactKey: Guid(bab1d1436c0260d4a89f3c70a72af0d0) Importer(815301076,1909f56bfc062723c751e8b465ee728b)
Start importing Assets/Materiales/Oro.mat using Guid(bab1d1436c0260d4a89f3c70a72af0d0) Importer(815301076,1909f56bfc062723c751e8b465ee728b)  -> (artifact id: 'c3369171fe07125889a9c70c9f095384') in 0.090555 seconds
  Import took 0.092483 seconds .

========================================================================
Received Import Request.
  Time since last request: 201.079757 seconds.
  path: Assets/Scripts/Rotador.cs
  artifactKey: Guid(061b8ba8a1a47c948a4bfad477b70300) Importer(815301076,1909f56bfc062723c751e8b465ee728b)
Start importing Assets/Scripts/Rotador.cs using Guid(061b8ba8a1a47c948a4bfad477b70300) Importer(815301076,1909f56bfc062723c751e8b465ee728b)  -> (artifact id: '40326d0faa95da44dfdf92f0ea1d3875') in 0.002990 seconds
  Import took 0.005626 seconds .

========================================================================
Received Prepare
Registering precompiled user dll's ...
Registered in 0.003653 seconds.
Begin MonoManager ReloadAssembly
Native extension for WindowsStandalone target not found
Native extension for WebGL target not found
Refreshing native plugins compatible for Editor in 0.32 ms, found 2 plugins.
Preloading 0 native plugins for Editor in 0.00 ms.
Mono: successfully reloaded assembly
- Completed reload, in  0.897 seconds
Platform modules already initialized, skipping
Refreshing native plugins compatible for Editor in 0.33 ms, found 2 plugins.
Preloading 0 native plugins for Editor in 0.00 ms.
Unloading 1384 Unused Serialized files (Serialized files now loaded: 0)
System memory in use before: 68.0 MB.
System memory in use after: 68.1 MB.

Unloading 14 unused Assets to reduce memory usage. Loaded Objects now: 1865.
Total: 1.638200 ms (FindLiveObjects: 0.159300 ms CreateObjectMapping: 0.030500 ms MarkObjects: 1.399500 ms  DeleteObjects: 0.047700 ms)

========================================================================
Received Prepare
Registering precompiled user dll's ...
Registered in 0.002765 seconds.
Begin MonoManager ReloadAssembly
Native extension for WindowsStandalone target not found
Native extension for WebGL target not found
Refreshing native plugins compatible for Editor in 0.29 ms, found 2 plugins.
Preloading 0 native plugins for Editor in 0.00 ms.
Mono: successfully reloaded assembly
- Completed reload, in  0.670 seconds
Platform modules already initialized, skipping
Refreshing native plugins compatible for Editor in 0.26 ms, found 2 plugins.
Preloading 0 native plugins for Editor in 0.00 ms.
Unloading 1384 Unused Serialized files (Serialized files now loaded: 0)
System memory in use before: 68.0 MB.
System memory in use after: 68.1 MB.

Unloading 14 unused Assets to reduce memory usage. Loaded Objects now: 1868.
Total: 1.574000 ms (FindLiveObjects: 0.135000 ms CreateObjectMapping: 0.031300 ms MarkObjects: 1.360100 ms  DeleteObjects: 0.046700 ms)

========================================================================
Received Import Request.
  Time since last request: 94.864172 seconds.
  path: Assets/Scripts/Rotador.cs
  artifactKey: Guid(061b8ba8a1a47c948a4bfad477b70300) Importer(815301076,1909f56bfc062723c751e8b465ee728b)
Start importing Assets/Scripts/Rotador.cs using Guid(061b8ba8a1a47c948a4bfad477b70300) Importer(815301076,1909f56bfc062723c751e8b465ee728b)  -> (artifact id: 'db40e39ee64370095cc677cd8c91db40') in 0.003510 seconds
  Import took 0.006223 seconds .

========================================================================
Received Prepare
Registering precompiled user dll's ...
Registered in 0.002762 seconds.
Begin MonoManager ReloadAssembly
Native extension for WindowsStandalone target not found
Native extension for WebGL target not found
Refreshing native plugins compatible for Editor in 0.29 ms, found 2 plugins.
Preloading 0 native plugins for Editor in 0.00 ms.
Mono: successfully reloaded assembly
- Completed reload, in  0.669 seconds
Platform modules already initialized, skipping
Refreshing native plugins compatible for Editor in 0.20 ms, found 2 plugins.
Preloading 0 native plugins for Editor in 0.00 ms.
Unloading 1384 Unused Serialized files (Serialized files now loaded: 0)
System memory in use before: 68.1 MB.
System memory in use after: 68.1 MB.

Unloading 14 unused Assets to reduce memory usage. Loaded Objects now: 1871.
Total: 1.572600 ms (FindLiveObjects: 0.153500 ms CreateObjectMapping: 0.031800 ms MarkObjects: 1.339700 ms  DeleteObjects: 0.046500 ms)

========================================================================
Received Import Request.
  Time since last request: 143.185499 seconds.
  path: Assets/Prefabs
  artifactKey: Guid(1744645dfa155ec44b8761e364526914) Importer(815301076,1909f56bfc062723c751e8b465ee728b)
Start importing Assets/Prefabs using Guid(1744645dfa155ec44b8761e364526914) Importer(815301076,1909f56bfc062723c751e8b465ee728b)  -> (artifact id: '868b4233db7fb821f2241a076a00749d') in 0.003374 seconds
  Import took 0.005654 seconds .

========================================================================
Received Import Request.
  Time since last request: 14.933135 seconds.
  path: Assets/Prefabs/Coleccionable.prefab
  artifactKey: Guid(c2ada3c0fa4c5354f92e14b4f956227d) Importer(815301076,1909f56bfc062723c751e8b465ee728b)
Start importing Assets/Prefabs/Coleccionable.prefab using Guid(c2ada3c0fa4c5354f92e14b4f956227d) Importer(815301076,1909f56bfc062723c751e8b465ee728b)  -> (artifact id: '95d0ac35fb8c25638e5becd6f9bca120') in 0.039968 seconds
  Import took 0.042544 seconds .

========================================================================
Received Import Request.
  Time since last request: 0.027114 seconds.
  path: Assets/Prefabs/Coleccionable.prefab
  artifactKey: Guid(c2ada3c0fa4c5354f92e14b4f956227d) Importer(815301076,1909f56bfc062723c751e8b465ee728b)
Start importing Assets/Prefabs/Coleccionable.prefab using Guid(c2ada3c0fa4c5354f92e14b4f956227d) Importer(815301076,1909f56bfc062723c751e8b465ee728b)  -> (artifact id: '95d0ac35fb8c25638e5becd6f9bca120') in 0.006284 seconds
  Import took 0.008937 seconds .

========================================================================
Received Import Request.
  Time since last request: 826.371759 seconds.
  path: Assets/Prefabs/Coleccionable.prefab
  artifactKey: Guid(c2ada3c0fa4c5354f92e14b4f956227d) Importer(815301076,1909f56bfc062723c751e8b465ee728b)
Start importing Assets/Prefabs/Coleccionable.prefab using Guid(c2ada3c0fa4c5354f92e14b4f956227d) Importer(815301076,1909f56bfc062723c751e8b465ee728b)  -> (artifact id: 'd5c533f18729f3fc7e3a4c3f0ed7e9c5') in 0.007165 seconds
  Import took 0.009965 seconds .

========================================================================
Received Import Request.
  Time since last request: 0.004874 seconds.
  path: Assets/Prefabs/Coleccionable.prefab
  artifactKey: Guid(c2ada3c0fa4c5354f92e14b4f956227d) Importer(815301076,1909f56bfc062723c751e8b465ee728b)
Start importing Assets/Prefabs/Coleccionable.prefab using Guid(c2ada3c0fa4c5354f92e14b4f956227d) Importer(815301076,1909f56bfc062723c751e8b465ee728b)  -> (artifact id: 'd5c533f18729f3fc7e3a4c3f0ed7e9c5') in 0.006083 seconds
  Import took 0.008843 seconds .

========================================================================
Received Import Request.
  Time since last request: 116.862114 seconds.
  path: Assets/Prefabs/Colecionables.prefab
  artifactKey: Guid(c72a90483cdbcf74394ece5cf4309d7b) Importer(815301076,1909f56bfc062723c751e8b465ee728b)
Start importing Assets/Prefabs/Colecionables.prefab using Guid(c72a90483cdbcf74394ece5cf4309d7b) Importer(815301076,1909f56bfc062723c751e8b465ee728b)  -> (artifact id: 'd721a8c0e36fb2256d8dd0221e7acd45') in 0.013732 seconds
  Import took 0.016677 seconds .

========================================================================
Received Import Request.
  Time since last request: 0.002305 seconds.
  path: Assets/Prefabs/Colecionables.prefab
  artifactKey: Guid(c72a90483cdbcf74394ece5cf4309d7b) Importer(815301076,1909f56bfc062723c751e8b465ee728b)
Start importing Assets/Prefabs/Colecionables.prefab using Guid(c72a90483cdbcf74394ece5cf4309d7b) Importer(815301076,1909f56bfc062723c751e8b465ee728b)  -> (artifact id: 'd721a8c0e36fb2256d8dd0221e7acd45') in 0.006473 seconds
  Import took 0.009022 seconds .

========================================================================
Received Import Request.
  Time since last request: 27.063748 seconds.
  path: Assets/Prefabs/Coleccionable.prefab
  artifactKey: Guid(c2ada3c0fa4c5354f92e14b4f956227d) Importer(815301076,1909f56bfc062723c751e8b465ee728b)
Start importing Assets/Prefabs/Coleccionable.prefab using Guid(c2ada3c0fa4c5354f92e14b4f956227d) Importer(815301076,1909f56bfc062723c751e8b465ee728b)  -> (artifact id: 'bb335e2ec92d48ab952ae8e0bd92b392') in 0.006211 seconds
  Import took 0.008823 seconds .

========================================================================
Received Import Request.
  Time since last request: 0.014446 seconds.
  path: Assets/Prefabs/Coleccionable.prefab
  artifactKey: Guid(c2ada3c0fa4c5354f92e14b4f956227d) Importer(815301076,1909f56bfc062723c751e8b465ee728b)
Start importing Assets/Prefabs/Coleccionable.prefab using Guid(c2ada3c0fa4c5354f92e14b4f956227d) Importer(815301076,1909f56bfc062723c751e8b465ee728b)  -> (artifact id: 'bb335e2ec92d48ab952ae8e0bd92b392') in 0.005891 seconds
  Import took 0.008457 seconds .

========================================================================
Received Import Request.
  Time since last request: 0.067491 seconds.
  path: Assets/Prefabs/Colecionables.prefab
  artifactKey: Guid(c72a90483cdbcf74394ece5cf4309d7b) Importer(815301076,1909f56bfc062723c751e8b465ee728b)
Start importing Assets/Prefabs/Colecionables.prefab using Guid(c72a90483cdbcf74394ece5cf4309d7b) Importer(815301076,1909f56bfc062723c751e8b465ee728b)  -> (artifact id: '2e2f2534038a2b84e0c710bf1d382a3d') in 0.007004 seconds
  Import took 0.009650 seconds .

========================================================================
Received Import Request.
  Time since last request: 152.366165 seconds.
  path: Assets/Prefabs/Coleccionable.prefab
  artifactKey: Guid(c2ada3c0fa4c5354f92e14b4f956227d) Importer(815301076,1909f56bfc062723c751e8b465ee728b)
Start importing Assets/Prefabs/Coleccionable.prefab using Guid(c2ada3c0fa4c5354f92e14b4f956227d) Importer(815301076,1909f56bfc062723c751e8b465ee728b)  -> (artifact id: '382bf78544bcdfb02ea94de3f9555bd3') in 0.006481 seconds
  Import took 0.009112 seconds .

========================================================================
Received Import Request.
  Time since last request: 0.016261 seconds.
  path: Assets/Prefabs/Coleccionable.prefab
  artifactKey: Guid(c2ada3c0fa4c5354f92e14b4f956227d) Importer(815301076,1909f56bfc062723c751e8b465ee728b)
Start importing Assets/Prefabs/Coleccionable.prefab using Guid(c2ada3c0fa4c5354f92e14b4f956227d) Importer(815301076,1909f56bfc062723c751e8b465ee728b)  -> (artifact id: '382bf78544bcdfb02ea94de3f9555bd3') in 0.005932 seconds
  Import took 0.008624 seconds .

========================================================================
Received Import Request.
  Time since last request: 419.755948 seconds.
  path: Assets/Prefabs/Coleccionable.prefab
  artifactKey: Guid(c2ada3c0fa4c5354f92e14b4f956227d) Importer(815301076,1909f56bfc062723c751e8b465ee728b)
Start importing Assets/Prefabs/Coleccionable.prefab using Guid(c2ada3c0fa4c5354f92e14b4f956227d) Importer(815301076,1909f56bfc062723c751e8b465ee728b)  -> (artifact id: 'a395d2b2c565358127dcc0d34397d2c5') in 0.006331 seconds
  Import took 0.009130 seconds .

========================================================================
Received Import Request.
  Time since last request: 119.621580 seconds.
  path: ProjectSettings/TagManager.asset
  artifactKey: Guid(00000000000000003000000000000000) Importer(815301076,1909f56bfc062723c751e8b465ee728b)
Start importing ProjectSettings/TagManager.asset using Guid(00000000000000003000000000000000) Importer(815301076,1909f56bfc062723c751e8b465ee728b)  -> (artifact id: 'ce6a35c3cddc746e7501c0bd0ed6d4ce') in 0.003195 seconds
  Import took 0.005728 seconds .

========================================================================
Received Import Request.
  Time since last request: 0.000324 seconds.
  path: ProjectSettings/TagManager.asset
  artifactKey: Guid(00000000000000003000000000000000) Importer(815301076,1909f56bfc062723c751e8b465ee728b)
Start importing ProjectSettings/TagManager.asset using Guid(00000000000000003000000000000000) Importer(815301076,1909f56bfc062723c751e8b465ee728b)  -> (artifact id: 'ce6a35c3cddc746e7501c0bd0ed6d4ce') in 0.001668 seconds
  Import took 0.003810 seconds .

========================================================================
Received Prepare
Registering precompiled user dll's ...
Registered in 0.002923 seconds.
Begin MonoManager ReloadAssembly
Native extension for WindowsStandalone target not found
Native extension for WebGL target not found
Refreshing native plugins compatible for Editor in 0.31 ms, found 2 plugins.
Preloading 0 native plugins for Editor in 0.00 ms.
Mono: successfully reloaded assembly
- Completed reload, in  0.681 seconds
Platform modules already initialized, skipping
Refreshing native plugins compatible for Editor in 0.26 ms, found 2 plugins.
Preloading 0 native plugins for Editor in 0.00 ms.
Unloading 1384 Unused Serialized files (Serialized files now loaded: 0)
System memory in use before: 68.2 MB.
System memory in use after: 68.2 MB.

Unloading 16 unused Assets to reduce memory usage. Loaded Objects now: 1876.
Total: 2.273400 ms (FindLiveObjects: 0.130500 ms CreateObjectMapping: 0.030600 ms MarkObjects: 2.053700 ms  DeleteObjects: 0.057500 ms)

========================================================================
Received Prepare
Registering precompiled user dll's ...
Registered in 0.003013 seconds.
Begin MonoManager ReloadAssembly
Native extension for WindowsStandalone target not found
Native extension for WebGL target not found
Refreshing native plugins compatible for Editor in 0.33 ms, found 2 plugins.
Preloading 0 native plugins for Editor in 0.00 ms.
Mono: successfully reloaded assembly
- Completed reload, in  0.691 seconds
Platform modules already initialized, skipping
Refreshing native plugins compatible for Editor in 0.29 ms, found 2 plugins.
Preloading 0 native plugins for Editor in 0.00 ms.
Unloading 1384 Unused Serialized files (Serialized files now loaded: 0)
System memory in use before: 68.2 MB.
System memory in use after: 68.2 MB.

Unloading 14 unused Assets to reduce memory usage. Loaded Objects now: 1879.
Total: 1.560200 ms (FindLiveObjects: 0.146200 ms CreateObjectMapping: 0.030200 ms MarkObjects: 1.336000 ms  DeleteObjects: 0.046800 ms)

========================================================================
Received Prepare
Registering precompiled user dll's ...
Registered in 0.003011 seconds.
Begin MonoManager ReloadAssembly
Native extension for WindowsStandalone target not found
Native extension for WebGL target not found
Refreshing native plugins compatible for Editor in 0.29 ms, found 2 plugins.
Preloading 0 native plugins for Editor in 0.00 ms.
Mono: successfully reloaded assembly
- Completed reload, in  0.672 seconds
Platform modules already initialized, skipping
Refreshing native plugins compatible for Editor in 0.27 ms, found 2 plugins.
Preloading 0 native plugins for Editor in 0.00 ms.
Unloading 1384 Unused Serialized files (Serialized files now loaded: 0)
System memory in use before: 68.2 MB.
System memory in use after: 68.2 MB.

Unloading 14 unused Assets to reduce memory usage. Loaded Objects now: 1882.
Total: 1.554300 ms (FindLiveObjects: 0.133900 ms CreateObjectMapping: 0.030100 ms MarkObjects: 1.343800 ms  DeleteObjects: 0.045400 ms)

========================================================================
Received Import Request.
  Time since last request: 1030.743805 seconds.
  path: Assets/Prefabs/Coleccionable.prefab
  artifactKey: Guid(c2ada3c0fa4c5354f92e14b4f956227d) Importer(815301076,1909f56bfc062723c751e8b465ee728b)
Start importing Assets/Prefabs/Coleccionable.prefab using Guid(c2ada3c0fa4c5354f92e14b4f956227d) Importer(815301076,1909f56bfc062723c751e8b465ee728b)  -> (artifact id: '79114626d50034ff8056e6d1cd9e1ba7') in 0.040225 seconds
  Import took 0.043271 seconds .

========================================================================
Received Prepare
Registering precompiled user dll's ...
Registered in 0.002768 seconds.
Begin MonoManager ReloadAssembly
Native extension for WindowsStandalone target not found
Native extension for WebGL target not found
Refreshing native plugins compatible for Editor in 0.30 ms, found 2 plugins.
Preloading 0 native plugins for Editor in 0.00 ms.
Mono: successfully reloaded assembly
- Completed reload, in  0.668 seconds
Platform modules already initialized, skipping
Refreshing native plugins compatible for Editor in 0.27 ms, found 2 plugins.
Preloading 0 native plugins for Editor in 0.00 ms.
Unloading 1384 Unused Serialized files (Serialized files now loaded: 0)
System memory in use before: 68.2 MB.
System memory in use after: 68.2 MB.

Unloading 14 unused Assets to reduce memory usage. Loaded Objects now: 1886.
Total: 1.546800 ms (FindLiveObjects: 0.135300 ms CreateObjectMapping: 0.030400 ms MarkObjects: 1.332400 ms  DeleteObjects: 0.047700 ms)

========================================================================
Received Prepare
Registering precompiled user dll's ...
Registered in 0.003312 seconds.
Begin MonoManager ReloadAssembly
Native extension for WindowsStandalone target not found
Native extension for WebGL target not found
Refreshing native plugins compatible for Editor in 0.31 ms, found 2 plugins.
Preloading 0 native plugins for Editor in 0.00 ms.
Mono: successfully reloaded assembly
- Completed reload, in  0.824 seconds
Platform modules already initialized, skipping
Refreshing native plugins compatible for Editor in 0.30 ms, found 2 plugins.
Preloading 0 native plugins for Editor in 0.00 ms.
Unloading 1384 Unused Serialized files (Serialized files now loaded: 0)
System memory in use before: 68.2 MB.
System memory in use after: 68.3 MB.

Unloading 14 unused Assets to reduce memory usage. Loaded Objects now: 1889.
Total: 2.044900 ms (FindLiveObjects: 0.164000 ms CreateObjectMapping: 0.030900 ms MarkObjects: 1.800800 ms  DeleteObjects: 0.048200 ms)

========================================================================
Received Import Request.
  Time since last request: 177.106434 seconds.
  path: Assets/Scenes/SampleScene 2.scenetemplate
  artifactKey: Guid(684e0ede1822adf4aa36017357c1c43c) Importer(815301076,1909f56bfc062723c751e8b465ee728b)
Start importing Assets/Scenes/SampleScene 2.scenetemplate using Guid(684e0ede1822adf4aa36017357c1c43c) Importer(815301076,1909f56bfc062723c751e8b465ee728b)  -> (artifact id: '8b1b10160f0229ebc7ca129ba6813ce0') in 0.024475 seconds
  Import took 0.027345 seconds .

========================================================================
Received Import Request.
  Time since last request: 0.021486 seconds.
  path: Assets/Scenes/SampleScene 2.scenetemplate
  artifactKey: Guid(684e0ede1822adf4aa36017357c1c43c) Importer(815301076,1909f56bfc062723c751e8b465ee728b)
Start importing Assets/Scenes/SampleScene 2.scenetemplate using Guid(684e0ede1822adf4aa36017357c1c43c) Importer(815301076,1909f56bfc062723c751e8b465ee728b)  -> (artifact id: '8b1b10160f0229ebc7ca129ba6813ce0') in 0.005576 seconds
  Import took 0.008254 seconds .

AssetImportWorkerClient::OnTransportError - code=2 error=End of file
